<?xml version="1.0" encoding="UTF-8"?>
<!-- Generated by org.testng.reporters.JUnitXMLReporter -->
<testsuite hostname="newusers-MacBook-Pro.local" ignored="1" name="Default test" tests="3" failures="0" timestamp="2020-08-15T05:07:30 EDT" time="14.616" errors="0">
  <testcase name="verifyHomePageHeaderMessage" time="3.064" classname="com.qa.ispearbetter.tests.HomePageTest"/>
  <testcase name="verifyLoginPageTitle" time="0.018" classname="com.qa.ispearbetter.tests.HomePageTest"/>
  <testcase name="doChatButton" time="5.147" classname="com.qa.ispearbetter.tests.HomePageTest"/>
  <testcase name="verifyChatBoxHeader" time="0.0" classname="com.qa.ispearbetter.tests.HomePageTest">
    <ignored/>
  </testcase> <!-- verifyChatBoxHeader -->
</testsuite> <!-- Default test -->
