<?xml version="1.0" encoding="UTF-8"?>
<testng-results skipped="0" failed="0" ignored="1" total="4" passed="3">
  <reporter-output>
  </reporter-output>
  <suite name="Default suite" duration-ms="14616" started-at="2020-08-15T05:07:10 EDT" finished-at="2020-08-15T05:07:25 EDT">
    <groups>
    </groups>
    <test name="Default test" duration-ms="14616" started-at="2020-08-15T05:07:10 EDT" finished-at="2020-08-15T05:07:25 EDT">
      <class name="com.qa.ispearbetter.tests.HomePageTest">
        <test-method status="PASS" signature="setUp()[pri:0, instance:com.qa.ispearbetter.tests.HomePageTest@9660f4e]" name="setUp" is-config="true" duration-ms="6102" started-at="2020-08-15T05:07:10 EDT" finished-at="2020-08-15T05:07:16 EDT">
          <reporter-output>
          </reporter-output>
        </test-method> <!-- setUp -->
        <test-method status="PASS" signature="verifyHomePageHeaderMessage()[pri:1, instance:com.qa.ispearbetter.tests.HomePageTest@9660f4e]" name="verifyHomePageHeaderMessage" duration-ms="3064" started-at="2020-08-15T05:07:16 EDT" description="Home page header message as Speak English Better Wherever You Are" finished-at="2020-08-15T05:07:19 EDT">
          <reporter-output>
          </reporter-output>
        </test-method> <!-- verifyHomePageHeaderMessage -->
        <test-method status="PASS" signature="verifyLoginPageTitle()[pri:2, instance:com.qa.ispearbetter.tests.HomePageTest@9660f4e]" name="verifyLoginPageTitle" duration-ms="18" started-at="2020-08-15T05:07:19 EDT" description="Home page title as Learn English with Online Teachers - Get your Free Live English Class Now." finished-at="2020-08-15T05:07:19 EDT">
          <reporter-output>
          </reporter-output>
        </test-method> <!-- verifyLoginPageTitle -->
        <test-method status="PASS" signature="doChatButton()[pri:3, instance:com.qa.ispearbetter.tests.HomePageTest@9660f4e]" name="doChatButton" duration-ms="5147" started-at="2020-08-15T05:07:19 EDT" description="Click on chat box button" finished-at="2020-08-15T05:07:25 EDT">
          <reporter-output>
          </reporter-output>
        </test-method> <!-- doChatButton -->
        <test-method status="PASS" signature="tearDown()[pri:0, instance:com.qa.ispearbetter.tests.HomePageTest@9660f4e]" name="tearDown" is-config="true" duration-ms="186" started-at="2020-08-15T05:07:25 EDT" finished-at="2020-08-15T05:07:25 EDT">
          <reporter-output>
          </reporter-output>
        </test-method> <!-- tearDown -->
      </class> <!-- com.qa.ispearbetter.tests.HomePageTest -->
    </test> <!-- Default test -->
  </suite> <!-- Default suite -->
</testng-results>
